c:\users\harris\documents\college\college\cggt\6600\hw1\hellomaya\hellomaya\x64\debug\vc143.pdb
c:\users\harris\documents\college\college\cggt\6600\hw1\hellomaya\hellomaya\x64\debug\vc143.idb
c:\users\harris\documents\college\college\cggt\6600\hw1\hellomaya\hellomaya\x64\debug\utils.obj
c:\users\harris\documents\college\college\cggt\6600\hw1\hellomaya\hellomaya\x64\debug\primitive.obj
c:\users\harris\documents\college\college\cggt\6600\hw1\hellomaya\hellomaya\x64\debug\loadmesh.obj
c:\users\harris\documents\college\college\cggt\6600\hw1\hellomaya\hellomaya\x64\debug\jsonreader.obj
c:\users\harris\documents\college\college\cggt\6600\hw1\hellomaya\hellomaya\x64\debug\hello_maya.obj
c:\users\harris\documents\college\college\cggt\6600\hw1\hellomaya\hellomaya\x64\debug\graph.obj
c:\users\harris\documents\college\college\cggt\6600\hw1\hellomaya\x64\debug\hellomaya.mll
c:\users\harris\documents\college\college\cggt\6600\hw1\hellomaya\x64\debug\hellomaya.pdb
c:\users\harris\documents\college\college\cggt\6600\hw1\hellomaya\x64\debug\hellomaya.lib
c:\users\harris\documents\college\college\cggt\6600\hw1\hellomaya\x64\debug\hellomaya.exp
c:\users\harris\documents\college\college\cggt\6600\hw1\hellomaya\hellomaya\x64\debug\hellomaya.ilk
c:\users\harris\documents\college\college\cggt\6600\hw1\hellomaya\hellomaya\x64\debug\hellomaya.tlog\cl.command.1.tlog
c:\users\harris\documents\college\college\cggt\6600\hw1\hellomaya\hellomaya\x64\debug\hellomaya.tlog\cl.items.tlog
c:\users\harris\documents\college\college\cggt\6600\hw1\hellomaya\hellomaya\x64\debug\hellomaya.tlog\cl.read.1.tlog
c:\users\harris\documents\college\college\cggt\6600\hw1\hellomaya\hellomaya\x64\debug\hellomaya.tlog\cl.write.1.tlog
c:\users\harris\documents\college\college\cggt\6600\hw1\hellomaya\hellomaya\x64\debug\hellomaya.tlog\link.command.1.tlog
c:\users\harris\documents\college\college\cggt\6600\hw1\hellomaya\hellomaya\x64\debug\hellomaya.tlog\link.read.1.tlog
c:\users\harris\documents\college\college\cggt\6600\hw1\hellomaya\hellomaya\x64\debug\hellomaya.tlog\link.secondary.1.tlog
c:\users\harris\documents\college\college\cggt\6600\hw1\hellomaya\hellomaya\x64\debug\hellomaya.tlog\link.write.1.tlog
