  graph.cpp
C:\Users\Harris\Documents\College\College\CGGT\6600\hw1\helloMaya\helloMaya\graph.cpp(389,29): warning C4267: 'initializing': conversion from 'size_t' to 'unsigned int', possible loss of data
C:\Users\Harris\Documents\College\College\CGGT\6600\hw1\helloMaya\helloMaya\graph.cpp(427,30): warning C4267: 'initializing': conversion from 'size_t' to 'unsigned int', possible loss of data
C:\Users\Harris\Documents\College\College\CGGT\6600\hw1\helloMaya\helloMaya\graph.cpp(435,33): warning C4267: 'initializing': conversion from 'size_t' to 'unsigned int', possible loss of data
C:\Users\Harris\Documents\College\College\CGGT\6600\hw1\helloMaya\helloMaya\graph.cpp(682,82): warning C4267: 'argument': conversion from 'size_t' to '_Ty', possible loss of data
C:\Users\Harris\Documents\College\College\CGGT\6600\hw1\helloMaya\helloMaya\graph.cpp(682,82): warning C4267:         with
C:\Users\Harris\Documents\College\College\CGGT\6600\hw1\helloMaya\helloMaya\graph.cpp(682,82): warning C4267:         [
C:\Users\Harris\Documents\College\College\CGGT\6600\hw1\helloMaya\helloMaya\graph.cpp(682,82): warning C4267:             _Ty=int
C:\Users\Harris\Documents\College\College\CGGT\6600\hw1\helloMaya\helloMaya\graph.cpp(682,82): warning C4267:         ]
C:\Users\Harris\Documents\College\College\CGGT\6600\hw1\helloMaya\helloMaya\graph.cpp(890,79): warning C4267: 'argument': conversion from 'size_t' to '_Ty', possible loss of data
C:\Users\Harris\Documents\College\College\CGGT\6600\hw1\helloMaya\helloMaya\graph.cpp(890,79): warning C4267:         with
C:\Users\Harris\Documents\College\College\CGGT\6600\hw1\helloMaya\helloMaya\graph.cpp(890,79): warning C4267:         [
C:\Users\Harris\Documents\College\College\CGGT\6600\hw1\helloMaya\helloMaya\graph.cpp(890,79): warning C4267:             _Ty=int
C:\Users\Harris\Documents\College\College\CGGT\6600\hw1\helloMaya\helloMaya\graph.cpp(890,79): warning C4267:         ]
C:\Users\Harris\Documents\College\College\CGGT\6600\hw1\helloMaya\helloMaya\graph.cpp(1234,47): warning C4267: 'initializing': conversion from 'size_t' to 'unsigned int', possible loss of data
C:\Users\Harris\Documents\College\College\CGGT\6600\hw1\helloMaya\helloMaya\graph.cpp(1235,48): warning C4267: 'initializing': conversion from 'size_t' to 'unsigned int', possible loss of data
C:\Users\Harris\Documents\College\College\CGGT\6600\hw1\helloMaya\helloMaya\graph.cpp(1243,67): warning C4267: '+=': conversion from 'size_t' to 'unsigned int', possible loss of data
C:\Users\Harris\Documents\College\College\CGGT\6600\hw1\helloMaya\helloMaya\graph.cpp(2525,85): warning C4018: '>': signed/unsigned mismatch
C:\Users\Harris\Documents\College\College\CGGT\6600\hw1\helloMaya\helloMaya\graph.cpp(2722,56): warning C4267: 'initializing': conversion from 'size_t' to 'unsigned int', possible loss of data
C:\Users\Harris\Documents\College\College\CGGT\6600\hw1\helloMaya\helloMaya\graph.cpp(2722,33): warning C4267: 'initializing': conversion from 'size_t' to 'const unsigned int', possible loss of data
C:\Users\Harris\Documents\College\College\CGGT\6600\hw1\helloMaya\helloMaya\graph.cpp(2740,30): warning C4018: '<': signed/unsigned mismatch
  helloMaya.vcxproj -> C:\Users\Harris\Documents\College\College\CGGT\6600\hw1\helloMaya\x64\Debug\helloMaya.mll
